<?xml version="1.0" encoding="UTF-8"?>
<testsuite name="app.cookyourbooks.domain.MeasuredIngredientTest" tests="4" skipped="0" failures="0" errors="0" timestamp="2026-01-15T21:08:28" hostname="BOOK-BCTNFQKMIF" time="0.022">
  <properties/>
  <testcase name="equals is case-insensitive on name and considers quantity/prep/notes" classname="app.cookyourbooks.domain.MeasuredIngredientTest" time="0.006"/>
  <testcase name="Constructor stores quantity and getter returns it" classname="app.cookyourbooks.domain.MeasuredIngredientTest" time="0.003"/>
  <testcase name="toString without preparation omits comma and preparation" classname="app.cookyourbooks.domain.MeasuredIngredientTest" time="0.004"/>
  <testcase name="toString with preparation includes preparation after comma" classname="app.cookyourbooks.domain.MeasuredIngredientTest" time="0.006"/>
  <system-out><![CDATA[]]></system-out>
  <system-err><![CDATA[]]></system-err>
</testsuite>
