<?xml version="1.0" encoding="UTF-8"?>
<testsuite name="app.cookyourbooks.domain.RangeQuantityTest" tests="4" skipped="0" failures="0" errors="0" timestamp="2026-01-15T21:08:28" hostname="BOOK-BCTNFQKMIF" time="0.01">
  <properties/>
  <testcase name="minMustBePositive()" classname="app.cookyourbooks.domain.RangeQuantityTest" time="0.004"/>
  <testcase name="toDecimalReturnsMidpoint()" classname="app.cookyourbooks.domain.RangeQuantityTest" time="0.0"/>
  <testcase name="maxMustBeGreaterThanMin()" classname="app.cookyourbooks.domain.RangeQuantityTest" time="0.001"/>
  <testcase name="toStringFormatsRange()" classname="app.cookyourbooks.domain.RangeQuantityTest" time="0.003"/>
  <system-out><![CDATA[]]></system-out>
  <system-err><![CDATA[]]></system-err>
</testsuite>
